<?xml version="1.0" encoding="UTF-8"?>
<testsuite name="org.vso.utils.EmailValidatorTest" tests="1" skipped="0" failures="0" errors="0" timestamp="2022-07-17T11:41:18" hostname="BILYANA" time="0.095">
  <properties/>
  <testcase name="testIsValidEmailWhenEmailIsNotCorrectThenEmailIsNotValid()" classname="org.vso.utils.EmailValidatorTest" time="0.095"/>
  <system-out><![CDATA[]]></system-out>
  <system-err><![CDATA[]]></system-err>
</testsuite>
