<?xml version="1.0" encoding="UTF-8"?>
<testsuite name="org.vso.utils.EmailValidatorTest" tests="1" skipped="0" failures="0" errors="0" timestamp="2022-06-30T13:27:52" hostname="DESKTOP-NBQ4J5Q" time="0.03">
  <properties/>
  <testcase name="testIsValidEmailWhenEmailIsNotCorrectThenEmailIsNotValid()" classname="org.vso.utils.EmailValidatorTest" time="0.03"/>
  <system-out><![CDATA[]]></system-out>
  <system-err><![CDATA[]]></system-err>
</testsuite>
